Base path: 'C:/Program Files/Unity/Hub/Editor/2019.3.0f3/Editor/Data', plugins path 'C:/Program Files/Unity/Hub/Editor/2019.3.0f3/Editor/Data/PlaybackEngines'
Cmd: initializeCompiler
Cmd: compileSnippet
  api=4 type=0 insize=16577 outsize=5666 kw=_SUNDISK_SIMPLE pd=UNITY_ENABLE_REFLECTION_BUFFERS UNITY_USE_DITHER_MASK_FOR_ALPHABLENDED_SHADOWS UNITY_PBS_USE_BRDF1 UNITY_SPECCUBE_BOX_PROJECTION UNITY_SPECCUBE_BLENDING UNITY_ENABLE_DETAIL_NORMALMAP SHADER_API_DESKTOP UNITY_COLORSPACE_GAMMA UNITY_LIGHT_PROBE_PROXY_VOLUME UNITY_LIGHTMAP_FULL_HDR ok=1
Cmd: initializeCompiler
Cmd: compileComputeKernel
  api=4 insize=18731 outsize=8873 ok=1
Cmd: compileComputeKernel
  api=4 insize=18731 outsize=10714 ok=1
Cmd: compileComputeKernel
  api=4 insize=1505 outsize=603 ok=1
Cmd: compileComputeKernel
  api=4 insize=7960 outsize=1121 ok=1
Cmd: compileComputeKernel
  api=4 insize=7960 outsize=1359 ok=1
Cmd: compileComputeKernel
  api=4 insize=9919 outsize=1879 ok=1
Cmd: compileComputeKernel
  api=4 insize=9919 outsize=1916 ok=1
Cmd: compileComputeKernel
  api=4 insize=6546 outsize=2040 ok=1
Cmd: compileComputeKernel
  api=4 insize=47665 outsize=1574 ok=1
Cmd: compileComputeKernel
  api=4 insize=47665 outsize=1426 ok=1
Cmd: compileComputeKernel
  api=4 insize=47665 outsize=1605 ok=1
Cmd: compileComputeKernel
  api=4 insize=47665 outsize=1515 ok=1
Cmd: compileComputeKernel
  api=4 insize=47665 outsize=1306 ok=1
Cmd: compileComputeKernel
  api=4 insize=47665 outsize=1382 ok=1
Cmd: compileComputeKernel
  api=4 insize=47665 outsize=2994 ok=1
Cmd: compileComputeKernel
  api=4 insize=2120 outsize=1000 ok=1
Cmd: compileComputeKernel
  api=4 insize=68835 outsize=7477 ok=1
Cmd: compileComputeKernel
  api=4 insize=3532 outsize=2521 ok=1
Cmd: compileComputeKernel
  api=4 insize=1957 outsize=559 ok=1
Cmd: compileComputeKernel
  api=4 insize=29386 outsize=638 ok=1
Cmd: compileComputeKernel
  api=4 insize=29386 outsize=970 ok=1
Cmd: compileComputeKernel
  api=4 insize=29386 outsize=868 ok=1
Cmd: compileComputeKernel
  api=4 insize=29386 outsize=677 ok=1
Cmd: compileComputeKernel
  api=4 insize=29386 outsize=1287 ok=1
Cmd: compileComputeKernel
  api=4 insize=29386 outsize=1519 ok=1
Cmd: compileComputeKernel
  api=4 insize=29386 outsize=1301 ok=1
Cmd: compileComputeKernel
  api=4 insize=29386 outsize=1331 ok=1
Cmd: compileComputeKernel
  api=4 insize=29386 outsize=1243 ok=1
Cmd: compileComputeKernel
  api=4 insize=29386 outsize=1613 ok=1
Cmd: compileComputeKernel
  api=4 insize=31899 outsize=3565 ok=1
Cmd: compileComputeKernel
  api=4 insize=4119 outsize=1444 ok=1
Cmd: compileSnippet
  api=4 type=0 insize=4008 outsize=542 kw=FXAA_LOW FXAA_KEEP_ALPHA pd=UNITY_ENABLE_REFLECTION_BUFFERS UNITY_USE_DITHER_MASK_FOR_ALPHABLENDED_SHADOWS UNITY_PBS_USE_BRDF1 UNITY_SPECCUBE_BOX_PROJECTION UNITY_SPECCUBE_BLENDING UNITY_ENABLE_DETAIL_NORMALMAP SHADER_API_DESKTOP UNITY_COLORSPACE_GAMMA UNITY_LIGHT_PROBE_PROXY_VOLUME UNITY_LIGHTMAP_FULL_HDR ok=1
Cmd: compileSnippet
  api=4 type=0 insize=1554 outsize=2146 kw=UNITY_PASS_DEFERRED LIGHTPROBE_SH UNITY_HDR_ON INSTANCING_ON pd=UNITY_ENABLE_REFLECTION_BUFFERS UNITY_USE_DITHER_MASK_FOR_ALPHABLENDED_SHADOWS UNITY_PBS_USE_BRDF1 UNITY_SPECCUBE_BOX_PROJECTION UNITY_SPECCUBE_BLENDING UNITY_ENABLE_DETAIL_NORMALMAP SHADER_API_DESKTOP UNITY_COLORSPACE_GAMMA UNITY_LIGHT_PROBE_PROXY_VOLUME UNITY_LIGHTMAP_FULL_HDR ok=1
Cmd: compileSnippet
  api=4 type=0 insize=4008 outsize=542 kw=FXAA_LOW pd=UNITY_ENABLE_REFLECTION_BUFFERS UNITY_USE_DITHER_MASK_FOR_ALPHABLENDED_SHADOWS UNITY_PBS_USE_BRDF1 UNITY_SPECCUBE_BOX_PROJECTION UNITY_SPECCUBE_BLENDING UNITY_ENABLE_DETAIL_NORMALMAP SHADER_API_DESKTOP UNITY_COLORSPACE_GAMMA UNITY_LIGHT_PROBE_PROXY_VOLUME UNITY_LIGHTMAP_FULL_HDR ok=1
